2021-01-11 17;38:11

Host: api.interworks-cisco.muk.ua
Connection: keep-alive
Pragma: no-cache
Cache-Control: no-cache
Upgrade-Insecure-Requests: 1
User-Agent: Mozilla/5.0 (Windows NT 10.0; Win64; x64) AppleWebKit/537.36 (KHTML, like Gecko) Chrome/87.0.4280.88 Safari/537.36
Accept: text/html,application/xhtml+xml,application/xml;q=0.9,image/avif,image/webp,image/apng,*/*;q=0.8,application/signed-exchange;v=b3;q=0.9
Accept-Encoding: gzip, deflate
Accept-Language: ru-RU,ru;q=0.9,en;q=0.8
Cookie: PHPSESSID=a2cupgrkgp291rv42k947dqepc; _ga=GA1.2.1364165457.1609160512


____________________________

HTTP_HOST=api.interworks-cisco.muk.ua
HTTP_CONNECTION=keep-alive
HTTP_PRAGMA=no-cache
HTTP_CACHE_CONTROL=no-cache
HTTP_UPGRADE_INSECURE_REQUESTS=1
HTTP_USER_AGENT=Mozilla/5.0 (Windows NT 10.0; Win64; x64) AppleWebKit/537.36 (KHTML, like Gecko) Chrome/87.0.4280.88 Safari/537.36
HTTP_ACCEPT=text/html,application/xhtml+xml,application/xml;q=0.9,image/avif,image/webp,image/apng,*/*;q=0.8,application/signed-exchange;v=b3;q=0.9
HTTP_ACCEPT_ENCODING=gzip, deflate
HTTP_ACCEPT_LANGUAGE=ru-RU,ru;q=0.9,en;q=0.8
HTTP_COOKIE=PHPSESSID=a2cupgrkgp291rv42k947dqepc; _ga=GA1.2.1364165457.1609160512
PATH=/usr/local/sbin:/usr/local/bin:/usr/sbin:/usr/bin:/sbin:/bin:/snap/bin
SERVER_SIGNATURE=
SERVER_SOFTWARE=Apache/2.4.46 (Ubuntu)
SERVER_NAME=api.interworks-cisco.muk.ua
SERVER_ADDR=10.1.103.131
SERVER_PORT=80
REMOTE_ADDR=10.1.110.4
DOCUMENT_ROOT=/var/www/api.interworks-cisco.muk.ua/public/
REQUEST_SCHEME=http
CONTEXT_PREFIX=
CONTEXT_DOCUMENT_ROOT=/var/www/api.interworks-cisco.muk.ua/public/
SERVER_ADMIN=promo@api.interworks-cisco.muk.ua
SCRIPT_FILENAME=/var/www/api.interworks-cisco.muk.ua/public/index.php
REMOTE_PORT=63466
GATEWAY_INTERFACE=CGI/1.1
SERVER_PROTOCOL=HTTP/1.1
REQUEST_METHOD=GET
QUERY_STRING=client_id=gestaging&scope=com.intuit.quickbooks.accounting&com.intuit.quickbooks.payment&redirect_uri=https://bss.eu.interworks.cloud/core/oAuth/authorizedProvider&response_type=code&state=0cd0db8c-c8d5-4994-b255-ac8d00f79168
REQUEST_URI=/?client_id=gestaging&scope=com.intuit.quickbooks.accounting&com.intuit.quickbooks.payment&redirect_uri=https://bss.eu.interworks.cloud/core/oAuth/authorizedProvider&response_type=code&state=0cd0db8c-c8d5-4994-b255-ac8d00f79168
SCRIPT_NAME=/index.php
PHP_SELF=/index.php
REQUEST_TIME_FLOAT=1610379491.667
REQUEST_TIME=16103794912021-01-11 17;47:26

Host: api.interworks-cisco.muk.ua
Connection: keep-alive
Pragma: no-cache
Cache-Control: no-cache
Upgrade-Insecure-Requests: 1
User-Agent: Mozilla/5.0 (Windows NT 10.0; Win64; x64) AppleWebKit/537.36 (KHTML, like Gecko) Chrome/87.0.4280.88 Safari/537.36
Accept: text/html,application/xhtml+xml,application/xml;q=0.9,image/avif,image/webp,image/apng,*/*;q=0.8,application/signed-exchange;v=b3;q=0.9
Accept-Encoding: gzip, deflate
Accept-Language: ru-RU,ru;q=0.9,en;q=0.8
Cookie: PHPSESSID=a2cupgrkgp291rv42k947dqepc; _ga=GA1.2.1364165457.1609160512


____________________________

HTTP_HOST=api.interworks-cisco.muk.ua
HTTP_CONNECTION=keep-alive
HTTP_PRAGMA=no-cache
HTTP_CACHE_CONTROL=no-cache
HTTP_UPGRADE_INSECURE_REQUESTS=1
HTTP_USER_AGENT=Mozilla/5.0 (Windows NT 10.0; Win64; x64) AppleWebKit/537.36 (KHTML, like Gecko) Chrome/87.0.4280.88 Safari/537.36
HTTP_ACCEPT=text/html,application/xhtml+xml,application/xml;q=0.9,image/avif,image/webp,image/apng,*/*;q=0.8,application/signed-exchange;v=b3;q=0.9
HTTP_ACCEPT_ENCODING=gzip, deflate
HTTP_ACCEPT_LANGUAGE=ru-RU,ru;q=0.9,en;q=0.8
HTTP_COOKIE=PHPSESSID=a2cupgrkgp291rv42k947dqepc; _ga=GA1.2.1364165457.1609160512
PATH=/usr/local/sbin:/usr/local/bin:/usr/sbin:/usr/bin:/sbin:/bin:/snap/bin
SERVER_SIGNATURE=
SERVER_SOFTWARE=Apache/2.4.46 (Ubuntu)
SERVER_NAME=api.interworks-cisco.muk.ua
SERVER_ADDR=10.1.103.131
SERVER_PORT=80
REMOTE_ADDR=10.1.110.4
DOCUMENT_ROOT=/var/www/api.interworks-cisco.muk.ua/public/
REQUEST_SCHEME=http
CONTEXT_PREFIX=
CONTEXT_DOCUMENT_ROOT=/var/www/api.interworks-cisco.muk.ua/public/
SERVER_ADMIN=promo@api.interworks-cisco.muk.ua
SCRIPT_FILENAME=/var/www/api.interworks-cisco.muk.ua/public/index.php
REMOTE_PORT=63863
GATEWAY_INTERFACE=CGI/1.1
SERVER_PROTOCOL=HTTP/1.1
REQUEST_METHOD=GET
QUERY_STRING=client_id=gestaging&scope=com.intuit.quickbooks.accounting&com.intuit.quickbooks.payment&redirect_uri=https://bss.eu.interworks.cloud/core/oAuth/authorizedProvider&response_type=code&state=0cd0db8c-c8d5-4994-b255-ac8d00f79168
REQUEST_URI=/?client_id=gestaging&scope=com.intuit.quickbooks.accounting&com.intuit.quickbooks.payment&redirect_uri=https://bss.eu.interworks.cloud/core/oAuth/authorizedProvider&response_type=code&state=0cd0db8c-c8d5-4994-b255-ac8d00f79168
SCRIPT_NAME=/index.php
PHP_SELF=/index.php
REQUEST_TIME_FLOAT=1610380046.671
REQUEST_TIME=16103800462021-01-11 17;50:23

Host: api.interworks-cisco.muk.ua
Connection: keep-alive
Pragma: no-cache
Cache-Control: no-cache
Upgrade-Insecure-Requests: 1
User-Agent: Mozilla/5.0 (Windows NT 10.0; Win64; x64) AppleWebKit/537.36 (KHTML, like Gecko) Chrome/87.0.4280.88 Safari/537.36
Accept: text/html,application/xhtml+xml,application/xml;q=0.9,image/avif,image/webp,image/apng,*/*;q=0.8,application/signed-exchange;v=b3;q=0.9
Accept-Encoding: gzip, deflate
Accept-Language: ru-RU,ru;q=0.9,en;q=0.8
Cookie: PHPSESSID=a2cupgrkgp291rv42k947dqepc; _ga=GA1.2.1364165457.1609160512


____________________________

HTTP_HOST=api.interworks-cisco.muk.ua
HTTP_CONNECTION=keep-alive
HTTP_PRAGMA=no-cache
HTTP_CACHE_CONTROL=no-cache
HTTP_UPGRADE_INSECURE_REQUESTS=1
HTTP_USER_AGENT=Mozilla/5.0 (Windows NT 10.0; Win64; x64) AppleWebKit/537.36 (KHTML, like Gecko) Chrome/87.0.4280.88 Safari/537.36
HTTP_ACCEPT=text/html,application/xhtml+xml,application/xml;q=0.9,image/avif,image/webp,image/apng,*/*;q=0.8,application/signed-exchange;v=b3;q=0.9
HTTP_ACCEPT_ENCODING=gzip, deflate
HTTP_ACCEPT_LANGUAGE=ru-RU,ru;q=0.9,en;q=0.8
HTTP_COOKIE=PHPSESSID=a2cupgrkgp291rv42k947dqepc; _ga=GA1.2.1364165457.1609160512
PATH=/usr/local/sbin:/usr/local/bin:/usr/sbin:/usr/bin:/sbin:/bin:/snap/bin
SERVER_SIGNATURE=
SERVER_SOFTWARE=Apache/2.4.46 (Ubuntu)
SERVER_NAME=api.interworks-cisco.muk.ua
SERVER_ADDR=10.1.103.131
SERVER_PORT=80
REMOTE_ADDR=10.1.110.4
DOCUMENT_ROOT=/var/www/api.interworks-cisco.muk.ua/public/
REQUEST_SCHEME=http
CONTEXT_PREFIX=
CONTEXT_DOCUMENT_ROOT=/var/www/api.interworks-cisco.muk.ua/public/
SERVER_ADMIN=promo@api.interworks-cisco.muk.ua
SCRIPT_FILENAME=/var/www/api.interworks-cisco.muk.ua/public/index.php
REMOTE_PORT=63984
GATEWAY_INTERFACE=CGI/1.1
SERVER_PROTOCOL=HTTP/1.1
REQUEST_METHOD=GET
QUERY_STRING=client_id=gestaging&scope=com.intuit.quickbooks.accounting&com.intuit.quickbooks.payment&redirect_uri=https://bss.eu.interworks.cloud/core/oAuth/authorizedProvider&response_type=code&state=0cd0db8c-c8d5-4994-b255-ac8d00f79168
REQUEST_URI=/?client_id=gestaging&scope=com.intuit.quickbooks.accounting&com.intuit.quickbooks.payment&redirect_uri=https://bss.eu.interworks.cloud/core/oAuth/authorizedProvider&response_type=code&state=0cd0db8c-c8d5-4994-b255-ac8d00f79168
SCRIPT_NAME=/index.php
PHP_SELF=/index.php
REQUEST_TIME_FLOAT=1610380223.067
REQUEST_TIME=16103802232021-01-12 10;56:07

Host: api.interworks-cisco.muk.ua
Connection: keep-alive
Upgrade-Insecure-Requests: 1
User-Agent: Mozilla/5.0 (Windows NT 10.0; Win64; x64) AppleWebKit/537.36 (KHTML, like Gecko) Chrome/87.0.4280.141 Safari/537.36
Accept: text/html,application/xhtml+xml,application/xml;q=0.9,image/avif,image/webp,image/apng,*/*;q=0.8,application/signed-exchange;v=b3;q=0.9
Accept-Encoding: gzip, deflate
Accept-Language: ru-RU,ru;q=0.9,en;q=0.8
Cookie: _ga=GA1.2.1364165457.1609160512


____________________________

HTTP_HOST=api.interworks-cisco.muk.ua
HTTP_CONNECTION=keep-alive
HTTP_UPGRADE_INSECURE_REQUESTS=1
HTTP_USER_AGENT=Mozilla/5.0 (Windows NT 10.0; Win64; x64) AppleWebKit/537.36 (KHTML, like Gecko) Chrome/87.0.4280.141 Safari/537.36
HTTP_ACCEPT=text/html,application/xhtml+xml,application/xml;q=0.9,image/avif,image/webp,image/apng,*/*;q=0.8,application/signed-exchange;v=b3;q=0.9
HTTP_ACCEPT_ENCODING=gzip, deflate
HTTP_ACCEPT_LANGUAGE=ru-RU,ru;q=0.9,en;q=0.8
HTTP_COOKIE=_ga=GA1.2.1364165457.1609160512
PATH=/usr/local/sbin:/usr/local/bin:/usr/sbin:/usr/bin:/sbin:/bin:/snap/bin
SERVER_SIGNATURE=
SERVER_SOFTWARE=Apache/2.4.46 (Ubuntu)
SERVER_NAME=api.interworks-cisco.muk.ua
SERVER_ADDR=10.1.103.131
SERVER_PORT=80
REMOTE_ADDR=10.1.110.4
DOCUMENT_ROOT=/var/www/api.interworks-cisco.muk.ua/public/
REQUEST_SCHEME=http
CONTEXT_PREFIX=
CONTEXT_DOCUMENT_ROOT=/var/www/api.interworks-cisco.muk.ua/public/
SERVER_ADMIN=promo@api.interworks-cisco.muk.ua
SCRIPT_FILENAME=/var/www/api.interworks-cisco.muk.ua/public/index.php
REMOTE_PORT=50281
GATEWAY_INTERFACE=CGI/1.1
SERVER_PROTOCOL=HTTP/1.1
REQUEST_METHOD=GET
QUERY_STRING=client_id=gestaging&scope=com.intuit.quickbooks.accounting&com.intuit.quickbooks.payment&redirect_uri=https://bss.eu.interworks.cloud/core/oAuth/authorizedProvider&response_type=code&state=0cd0db8c-c8d5-4994-b255-ac8d00f79168
REQUEST_URI=/?client_id=gestaging&scope=com.intuit.quickbooks.accounting&com.intuit.quickbooks.payment&redirect_uri=https://bss.eu.interworks.cloud/core/oAuth/authorizedProvider&response_type=code&state=0cd0db8c-c8d5-4994-b255-ac8d00f79168
SCRIPT_NAME=/index.php
PHP_SELF=/index.php
REQUEST_TIME_FLOAT=1610441767.5
REQUEST_TIME=16104417672021-01-12 10;56:31

Host: api.interworks-cisco.muk.ua
Connection: keep-alive
Upgrade-Insecure-Requests: 1
User-Agent: Mozilla/5.0 (Windows NT 10.0; Win64; x64) AppleWebKit/537.36 (KHTML, like Gecko) Chrome/87.0.4280.141 Safari/537.36
Accept: text/html,application/xhtml+xml,application/xml;q=0.9,image/avif,image/webp,image/apng,*/*;q=0.8,application/signed-exchange;v=b3;q=0.9
Accept-Encoding: gzip, deflate
Accept-Language: ru-RU,ru;q=0.9,en;q=0.8
Cookie: _ga=GA1.2.1364165457.1609160512


____________________________

HTTP_HOST=api.interworks-cisco.muk.ua
HTTP_CONNECTION=keep-alive
HTTP_UPGRADE_INSECURE_REQUESTS=1
HTTP_USER_AGENT=Mozilla/5.0 (Windows NT 10.0; Win64; x64) AppleWebKit/537.36 (KHTML, like Gecko) Chrome/87.0.4280.141 Safari/537.36
HTTP_ACCEPT=text/html,application/xhtml+xml,application/xml;q=0.9,image/avif,image/webp,image/apng,*/*;q=0.8,application/signed-exchange;v=b3;q=0.9
HTTP_ACCEPT_ENCODING=gzip, deflate
HTTP_ACCEPT_LANGUAGE=ru-RU,ru;q=0.9,en;q=0.8
HTTP_COOKIE=_ga=GA1.2.1364165457.1609160512
PATH=/usr/local/sbin:/usr/local/bin:/usr/sbin:/usr/bin:/sbin:/bin:/snap/bin
SERVER_SIGNATURE=
SERVER_SOFTWARE=Apache/2.4.46 (Ubuntu)
SERVER_NAME=api.interworks-cisco.muk.ua
SERVER_ADDR=10.1.103.131
SERVER_PORT=80
REMOTE_ADDR=10.1.110.4
DOCUMENT_ROOT=/var/www/api.interworks-cisco.muk.ua/public/
REQUEST_SCHEME=http
CONTEXT_PREFIX=
CONTEXT_DOCUMENT_ROOT=/var/www/api.interworks-cisco.muk.ua/public/
SERVER_ADMIN=promo@api.interworks-cisco.muk.ua
SCRIPT_FILENAME=/var/www/api.interworks-cisco.muk.ua/public/index.php
REMOTE_PORT=62761
GATEWAY_INTERFACE=CGI/1.1
SERVER_PROTOCOL=HTTP/1.1
REQUEST_METHOD=GET
QUERY_STRING=
REQUEST_URI=/
SCRIPT_NAME=/index.php
PHP_SELF=/index.php
REQUEST_TIME_FLOAT=1610441791.051
REQUEST_TIME=16104417912021-01-12 11;17:40

User-Agent: PhpStorm/193.5662.63
Accept-Encoding: gzip
Cache-Control: no-cache
Pragma: no-cache
Host: api.interworks-cisco.muk.ua
Accept: text/html, image/gif, image/jpeg, *; q=.2, */*; q=.2
Connection: keep-alive


____________________________

HTTP_USER_AGENT=PhpStorm/193.5662.63
HTTP_ACCEPT_ENCODING=gzip
HTTP_CACHE_CONTROL=no-cache
HTTP_PRAGMA=no-cache
HTTP_HOST=api.interworks-cisco.muk.ua
HTTP_ACCEPT=text/html, image/gif, image/jpeg, *; q=.2, */*; q=.2
HTTP_CONNECTION=keep-alive
PATH=/usr/local/sbin:/usr/local/bin:/usr/sbin:/usr/bin:/sbin:/bin:/snap/bin
SERVER_SIGNATURE=
SERVER_SOFTWARE=Apache/2.4.46 (Ubuntu)
SERVER_NAME=api.interworks-cisco.muk.ua
SERVER_ADDR=10.1.103.131
SERVER_PORT=80
REMOTE_ADDR=10.1.110.4
DOCUMENT_ROOT=/var/www/api.interworks-cisco.muk.ua/public/
REQUEST_SCHEME=http
CONTEXT_PREFIX=
CONTEXT_DOCUMENT_ROOT=/var/www/api.interworks-cisco.muk.ua/public/
SERVER_ADMIN=promo@api.interworks-cisco.muk.ua
SCRIPT_FILENAME=/var/www/api.interworks-cisco.muk.ua/public/index.php
REMOTE_PORT=60593
GATEWAY_INTERFACE=CGI/1.1
SERVER_PROTOCOL=HTTP/1.1
REQUEST_METHOD=GET
QUERY_STRING=
REQUEST_URI=/
SCRIPT_NAME=/index.php
PHP_SELF=/index.php
REQUEST_TIME_FLOAT=1610443060.457
REQUEST_TIME=16104430602021-01-13 13;58:44

Host: api.interworks-cisco.muk.ua
Connection: keep-alive
Upgrade-Insecure-Requests: 1
User-Agent: Mozilla/5.0 (Windows NT 10.0; Win64; x64) AppleWebKit/537.36 (KHTML, like Gecko) Chrome/87.0.4280.141 Safari/537.36
Accept: text/html,application/xhtml+xml,application/xml;q=0.9,image/avif,image/webp,image/apng,*/*;q=0.8,application/signed-exchange;v=b3;q=0.9
Referer: http://api.interworks-cisco.muk.ua/?client_id=gestaging&scope=com.intuit.quickbooks.accounting&com.intuit.quickbooks.payment&redirect_uri=http://api.interworks-cisco.muk.ua/token&response_type=code&state=0cd0db8c-c8d5-4994-b255-ac8d00f79168
Accept-Encoding: gzip, deflate
Accept-Language: ru-RU,ru;q=0.9,en;q=0.8
Cookie: _ga=GA1.2.1364165457.1609160512


____________________________

HTTP_HOST=api.interworks-cisco.muk.ua
HTTP_CONNECTION=keep-alive
HTTP_UPGRADE_INSECURE_REQUESTS=1
HTTP_USER_AGENT=Mozilla/5.0 (Windows NT 10.0; Win64; x64) AppleWebKit/537.36 (KHTML, like Gecko) Chrome/87.0.4280.141 Safari/537.36
HTTP_ACCEPT=text/html,application/xhtml+xml,application/xml;q=0.9,image/avif,image/webp,image/apng,*/*;q=0.8,application/signed-exchange;v=b3;q=0.9
HTTP_REFERER=http://api.interworks-cisco.muk.ua/?client_id=gestaging&scope=com.intuit.quickbooks.accounting&com.intuit.quickbooks.payment&redirect_uri=http://api.interworks-cisco.muk.ua/token&response_type=code&state=0cd0db8c-c8d5-4994-b255-ac8d00f79168
HTTP_ACCEPT_ENCODING=gzip, deflate
HTTP_ACCEPT_LANGUAGE=ru-RU,ru;q=0.9,en;q=0.8
HTTP_COOKIE=_ga=GA1.2.1364165457.1609160512
PATH=c:\openserver\modules\php\PHP_7.1\ext;c:\openserver\modules\php\PHP_7.1\pear;c:\openserver\modules\php\PHP_7.1\pear\bin;c:\openserver\modules\php\PHP_7.1;c:\openserver\modules\wget\bin;c:\openserver\modules\http\Apache_2.4-PHP_7.0-7.1\bin;c:\openserver\modules\http\Apache_2.4-PHP_7.0-7.1;C:\Windows\system32;C:\Windows;C:\Windows\system32\Wbem;C:\Windows\SysWOW64
SystemRoot=C:\Windows
COMSPEC=C:\Windows\system32\cmd.exe
PATHEXT=.COM;.EXE;.BAT;.CMD;.VBS;.VBE;.JS;.JSE;.WSF;.WSH;.MSC
WINDIR=C:\Windows
SERVER_SIGNATURE=
SERVER_SOFTWARE=Apache
SERVER_NAME=api.interworks-cisco.muk.ua
SERVER_ADDR=127.0.0.1
SERVER_PORT=80
REMOTE_ADDR=127.0.0.1
DOCUMENT_ROOT=C:/OpenServer/domains/api.interworks-cisco.muk.ua
REQUEST_SCHEME=http
CONTEXT_PREFIX=
CONTEXT_DOCUMENT_ROOT=C:/OpenServer/domains/api.interworks-cisco.muk.ua
SERVER_ADMIN=[no address given]
SCRIPT_FILENAME=C:/OpenServer/domains/api.interworks-cisco.muk.ua/public/index.php
REMOTE_PORT=53589
GATEWAY_INTERFACE=CGI/1.1
SERVER_PROTOCOL=HTTP/1.1
REQUEST_METHOD=GET
QUERY_STRING=
REQUEST_URI=/public/
SCRIPT_NAME=/public/index.php
PHP_SELF=/public/index.php
REQUEST_TIME_FLOAT=1610535524.335
REQUEST_TIME=1610535524
argc=0